Determining if the pthread_create exist failed with the following output:
Change Dir: /home/jchen/workspace/src/multi_map_server/build/CMakeFiles/CMakeTmp

Run Build Command:/usr/bin/make "cmTryCompileExec4077993422/fast"
make[1]: Entering directory `/home/jchen/workspace/src/multi_map_server/build/CMakeFiles/CMakeTmp'
/usr/bin/make -f CMakeFiles/cmTryCompileExec4077993422.dir/build.make CMakeFiles/cmTryCompileExec4077993422.dir/build
make[2]: Entering directory `/home/jchen/workspace/src/multi_map_server/build/CMakeFiles/CMakeTmp'
/usr/bin/cmake -E cmake_progress_report /home/jchen/workspace/src/multi_map_server/build/CMakeFiles/CMakeTmp/CMakeFiles 1
Building C object CMakeFiles/cmTryCompileExec4077993422.dir/CheckSymbolExists.c.o
/usr/bin/cc    -o CMakeFiles/cmTryCompileExec4077993422.dir/CheckSymbolExists.c.o   -c /home/jchen/workspace/src/multi_map_server/build/CMakeFiles/CMakeTmp/CheckSymbolExists.c
Linking C executable cmTryCompileExec4077993422
/usr/bin/cmake -E cmake_link_script CMakeFiles/cmTryCompileExec4077993422.dir/link.txt --verbose=1
/usr/bin/cc       CMakeFiles/cmTryCompileExec4077993422.dir/CheckSymbolExists.c.o  -o cmTryCompileExec4077993422 -rdynamic 
CMakeFiles/cmTryCompileExec4077993422.dir/CheckSymbolExists.c.o: In function `main':
CheckSymbolExists.c:(.text+0x16): undefined reference to `pthread_create'
collect2: error: ld returned 1 exit status
make[2]: *** [cmTryCompileExec4077993422] Error 1
make[2]: Leaving directory `/home/jchen/workspace/src/multi_map_server/build/CMakeFiles/CMakeTmp'
make[1]: *** [cmTryCompileExec4077993422/fast] Error 2
make[1]: Leaving directory `/home/jchen/workspace/src/multi_map_server/build/CMakeFiles/CMakeTmp'

File /home/jchen/workspace/src/multi_map_server/build/CMakeFiles/CMakeTmp/CheckSymbolExists.c:
/* */
#include <pthread.h>

int main(int argc, char** argv)
{
  (void)argv;
#ifndef pthread_create
  return ((int*)(&pthread_create))[argc];
#else
  (void)argc;
  return 0;
#endif
}

Determining if the function pthread_create exists in the pthreads failed with the following output:
Change Dir: /home/jchen/workspace/src/multi_map_server/build/CMakeFiles/CMakeTmp

Run Build Command:/usr/bin/make "cmTryCompileExec780342274/fast"
make[1]: Entering directory `/home/jchen/workspace/src/multi_map_server/build/CMakeFiles/CMakeTmp'
/usr/bin/make -f CMakeFiles/cmTryCompileExec780342274.dir/build.make CMakeFiles/cmTryCompileExec780342274.dir/build
make[2]: Entering directory `/home/jchen/workspace/src/multi_map_server/build/CMakeFiles/CMakeTmp'
/usr/bin/cmake -E cmake_progress_report /home/jchen/workspace/src/multi_map_server/build/CMakeFiles/CMakeTmp/CMakeFiles 1
Building C object CMakeFiles/cmTryCompileExec780342274.dir/CheckFunctionExists.c.o
/usr/bin/cc   -DCHECK_FUNCTION_EXISTS=pthread_create   -o CMakeFiles/cmTryCompileExec780342274.dir/CheckFunctionExists.c.o   -c /usr/share/cmake-2.8/Modules/CheckFunctionExists.c
Linking C executable cmTryCompileExec780342274
/usr/bin/cmake -E cmake_link_script CMakeFiles/cmTryCompileExec780342274.dir/link.txt --verbose=1
/usr/bin/cc   -DCHECK_FUNCTION_EXISTS=pthread_create    CMakeFiles/cmTryCompileExec780342274.dir/CheckFunctionExists.c.o  -o cmTryCompileExec780342274 -rdynamic -lpthreads 
/usr/bin/ld: cannot find -lpthreads
collect2: error: ld returned 1 exit status
make[2]: *** [cmTryCompileExec780342274] Error 1
make[2]: Leaving directory `/home/jchen/workspace/src/multi_map_server/build/CMakeFiles/CMakeTmp'
make[1]: *** [cmTryCompileExec780342274/fast] Error 2
make[1]: Leaving directory `/home/jchen/workspace/src/multi_map_server/build/CMakeFiles/CMakeTmp'


